/om2/user/dlatorre/anaconda3/envs/model_metamers_pytorch/lib/python3.8/site-packages/torchaudio/backend/utils.py:53: UserWarning: "sox" backend is being deprecated. The default backend will be changed to "sox_io" backend in 0.8.0 and "sox" backend will be removed in 0.9.0. Please migrate to "sox_io" backend. Please refer to https://github.com/pytorch/audio/issues/903 for the detail.
  warnings.warn(
/om2/user/dlatorre/anaconda3/envs/model_metamers_pytorch/lib/python3.8/site-packages/chcochleagram/cochleagram.py:126: UserWarning: The function torch.rfft is deprecated and will be removed in a future PyTorch release. Use the new torch.fft module functions, instead, by importing torch.fft and calling torch.fft.fft or torch.fft.rfft. (Triggered internally at  /opt/conda/conda-bld/pytorch_1607370117127/work/aten/src/ATen/native/SpectralOps.cpp:590.)
  x_fft = ch.rfft(x, 1).unsqueeze_(-3) # Add channel dim
/om2/user/dlatorre/anaconda3/envs/model_metamers_pytorch/lib/python3.8/site-packages/chcochleagram/envelope_extraction.py:76: UserWarning: The function torch.ifft is deprecated and will be removed in a future PyTorch release. Use the new torch.fft module functions, instead, by importing torch.fft and calling torch.fft.ifft or torch.fft.ifftn. (Triggered internally at  /opt/conda/conda-bld/pytorch_1607370117127/work/aten/src/ATen/native/SpectralOps.cpp:578.)
  x = ch.ifft(x, 1)
Traceback (most recent call last):
  File "make_metamers_wsj400_behavior_only_save_metamer_layers.py", line 476, in <module>
    main()
  File "make_metamers_wsj400_behavior_only_save_metamer_layers.py", line 469, in main
    run_audio_metamer_generation(args.SIDX, args.LOSS_FUNCTION, args.INPUTAUDIOFUNCNAME, 
  File "make_metamers_wsj400_behavior_only_save_metamer_layers.py", line 405, in run_audio_metamer_generation
    fig.savefig(layer_filepath + '_cochleagrams_optimization.png')
  File "/om2/user/dlatorre/anaconda3/envs/model_metamers_pytorch/lib/python3.8/site-packages/matplotlib/figure.py", line 2180, in savefig
    self.canvas.print_figure(fname, **kwargs)
  File "/om2/user/dlatorre/anaconda3/envs/model_metamers_pytorch/lib/python3.8/site-packages/matplotlib/backend_bases.py", line 2084, in print_figure
    result = print_method(
  File "/om2/user/dlatorre/anaconda3/envs/model_metamers_pytorch/lib/python3.8/site-packages/matplotlib/backends/backend_agg.py", line 529, in print_png
    with cbook._setattr_cm(renderer, dpi=self.figure.dpi), \
  File "/om2/user/dlatorre/anaconda3/envs/model_metamers_pytorch/lib/python3.8/contextlib.py", line 113, in __enter__
    return next(self.gen)
  File "/om2/user/dlatorre/anaconda3/envs/model_metamers_pytorch/lib/python3.8/site-packages/matplotlib/cbook/__init__.py", line 447, in open_file_cm
    fh, opened = to_filehandle(path_or_file, mode, True, encoding)
  File "/om2/user/dlatorre/anaconda3/envs/model_metamers_pytorch/lib/python3.8/site-packages/matplotlib/cbook/__init__.py", line 432, in to_filehandle
    fh = open(fname, flag, encoding=encoding)
FileNotFoundError: [Errno 2] No such file or directory: 'metamers/psychophysics_wsj400_jsintest_inversion_loss_layer_RS0_I1_N1_ROBUST_20250609_173524/0_SOUND_million/10_layer_final/signal/word_int_cochleagrams_optimization.png'
